<?xml version="1.0" encoding="UTF-8"?>
<!-- Generated by org.testng.reporters.JUnitReportReporter -->
<testsuite hostname="DESKTOP-RL91GGA" failures="0" tests="1" name="actualtestscript.DeleteAddressTest" time="11.543" errors="0" timestamp="2024-03-09T10:02:22 IST" skipped="0">
  <testcase classname="actualtestscript.DeleteAddressTest" name="deleteAddressTest" time="11.543">
    <system-out>
      <![CDATA[Address Deleted Successfully]]>
    </system-out>
  </testcase> <!-- deleteAddressTest -->
  <system-out>
    <![CDATA[Browser opened Successfully 
Logged in Successfully 
Address Deleted Successfully
Logged out Successfully
Browser Closed Successfully]]>
  </system-out>
</testsuite> <!-- actualtestscript.DeleteAddressTest -->
