<?xml version="1.0" encoding="UTF-8"?>
<!-- Generated by org.testng.reporters.JUnitReportReporter -->
<testsuite hostname="DESKTOP-RL91GGA" failures="0" tests="1" name="actualtestscript.UpdateAddressTest" time="12.215" errors="0" timestamp="2024-03-09T09:58:49 IST" skipped="0">
  <testcase classname="actualtestscript.UpdateAddressTest" name="updateAddressTest" time="12.215">
    <system-out>
      <![CDATA[Address Updated Successfully]]>
    </system-out>
  </testcase> <!-- updateAddressTest -->
  <system-out>
    <![CDATA[Browser opened Successfully 
Logged in Successfully 
Address Updated Successfully
Logged out Successfully
Browser Closed Successfully]]>
  </system-out>
</testsuite> <!-- actualtestscript.UpdateAddressTest -->
